<?xml version="1.0" encoding="UTF-8"?>
<!-- Generated by org.testng.reporters.JUnitXMLReporter -->
<testsuite hostname="DESKTOP-6DH44IU" name="Default test" tests="3" failures="0" timestamp="18 Apr 2020 06:15:40 GMT" time="38.638" errors="0">
  <testcase name="tc_002_register_new_user" time="0.752" classname="org.automation.testingworld.testcases.TC_002_Register_New_User"/>
  <testcase name="tc_002_register_new_user" time="0.637" classname="org.automation.testingworld.testcases.TC_002_Register_New_User"/>
  <testcase name="tc_002_register_new_user" time="0.86" classname="org.automation.testingworld.testcases.TC_002_Register_New_User"/>
</testsuite> <!-- Default test -->
