<?xml version="1.0" encoding="UTF-8"?>
<!-- Generated by org.testng.reporters.JUnitXMLReporter -->
<testsuite hostname="DESKTOP-6DH44IU" name="Test" tests="8" failures="0" timestamp="18 Apr 2020 06:30:58 GMT" time="125.941" errors="0">
  <testcase name="tc_002_register_new_user" time="0.906" classname="org.automation.testingworld.testcases.TC_002_Register_New_User"/>
  <testcase name="tc_002_register_new_user" time="0.741" classname="org.automation.testingworld.testcases.TC_002_Register_New_User"/>
  <testcase name="tc_002_register_new_user" time="0.824" classname="org.automation.testingworld.testcases.TC_002_Register_New_User"/>
  <testcase name="tc_002_login_functionality" time="19.695" classname="org.automation.testingworld.testcases.TC_001_ValidateLoginFunctionality"/>
  <testcase name="tc_002_login_functionality" time="0.577" classname="org.automation.testingworld.testcases.TC_001_ValidateLoginFunctionality"/>
  <testcase name="tc_002_login_functionality" time="0.677" classname="org.automation.testingworld.testcases.TC_001_ValidateLoginFunctionality"/>
  <testcase name="tc_002_login_functionality" time="0.674" classname="org.automation.testingworld.testcases.TC_001_ValidateLoginFunctionality"/>
  <testcase name="tc_002_login_functionality" time="0.608" classname="org.automation.testingworld.testcases.TC_001_ValidateLoginFunctionality"/>
</testsuite> <!-- Test -->
